2024-12-14 16:37:52 [main] INFO  pustrace.elibraryjavaparser.Main - Программа запущена
2024-12-14 16:37:52 [main] INFO  pustrace.elibraryjavaparser.ElibraryFetcher - Инициализация WebDriver...
2024-12-14 16:37:54 [main] DEBUG pustrace.elibraryjavaparser.ElibraryFetcher - Открыт сайт eLibrary
2024-12-14 16:38:04 [main] INFO  pustrace.elibraryjavaparser.ElibraryFetcher - Куки успешно получены: {__utmz=216042306.1734183474.1.1.utmcsr=(direct)|utmccn=(direct)|utmcmd=(none), _ym_uid=1734183474635345393, SCookieGUID=5A8B74D6%2DF095%2D408E%2DAF68%2D667D452058B9, _ym_isad=2, __utmt=1, __utmb=216042306.1.10.1734183474, _ym_d=1734183474, __utmc=216042306, SUserID=593390863, __utma=216042306.1996850875.1734183474.1734183474.1734183474.1}
2024-12-14 16:38:04 [main] INFO  pustrace.elibraryjavaparser.Main - Обработка автора с ID: 955819
2024-12-14 16:38:11 [main] INFO  pustrace.elibraryjavaparser.Main - Статистика успешно сохранена в C:\PusTrace\programming\java\ElibraryJavaParser\terminal\export\statistics.json
2024-12-14 16:42:56 [main] INFO  pustrace.elibraryjavaparser.Main - Программа запущена
2024-12-14 16:42:56 [main] INFO  pustrace.elibraryjavaparser.ElibraryFetcher - Инициализация WebDriver...
2024-12-14 16:42:57 [main] DEBUG pustrace.elibraryjavaparser.ElibraryFetcher - Открыт сайт eLibrary
2024-12-14 16:43:08 [main] INFO  pustrace.elibraryjavaparser.ElibraryFetcher - Куки успешно получены: {__utmz=216042306.1734183778.1.1.utmcsr=(direct)|utmccn=(direct)|utmcmd=(none), _ym_uid=1734183778213293869, SCookieGUID=45FF9E6E%2D9C42%2D44D7%2D9785%2DCAF392B49494, _ym_isad=2, __utmt=1, __utmb=216042306.1.10.1734183778, _ym_d=1734183778, __utmc=216042306, SUserID=593391332, __utma=216042306.517702406.1734183778.1734183778.1734183778.1}
2024-12-14 16:43:08 [main] INFO  pustrace.elibraryjavaparser.Main - Обработка автора с ID: 955819
2024-12-14 16:43:14 [main] INFO  pustrace.elibraryjavaparser.Main - Статистика успешно сохранена в C:\PusTrace\programming\java\ElibraryJavaParser\terminal\export\statistics.json
2024-12-14 16:47:07 [main] INFO  pustrace.elibraryjavaparser.Main - Программа запущена
2024-12-14 16:47:07 [main] INFO  pustrace.elibraryjavaparser.ElibraryFetcher - Инициализация WebDriver...
2024-12-14 16:47:10 [main] DEBUG pustrace.elibraryjavaparser.ElibraryFetcher - Открыт сайт eLibrary
2024-12-14 16:47:10 [main] INFO  pustrace.elibraryjavaparser.ElibraryFetcher - Куки успешно получены: {__utmz=216042306.1734184030.1.1.utmcsr=(direct)|utmccn=(direct)|utmcmd=(none), _ym_uid=1734184029799188037, SCookieGUID=C47E4467%2D461D%2D4B2D%2D9240%2D114972839929, _ym_isad=2, __utmt=1, __utmb=216042306.1.10.1734184030, __utmc=216042306, _ym_d=1734184029, SUserID=593391709, __utma=216042306.1600218046.1734184030.1734184030.1734184030.1}
2024-12-14 16:47:10 [main] INFO  pustrace.elibraryjavaparser.Main - Обработка автора с ID: 955819
2024-12-14 16:47:16 [main] INFO  pustrace.elibraryjavaparser.Main - Статистика успешно сохранена в C:\PusTrace\programming\java\ElibraryJavaParser\terminal\export\statistics.json
2024-12-14 17:03:14 [main] INFO  pustrace.elibraryjavaparser.Main - Программа запущена
2024-12-14 17:03:14 [main] INFO  pustrace.elibraryjavaparser.ElibraryFetcher - Инициализация WebDriver...
2024-12-14 17:03:16 [main] DEBUG pustrace.elibraryjavaparser.ElibraryFetcher - Открыт сайт eLibrary
2024-12-14 17:03:17 [main] INFO  pustrace.elibraryjavaparser.ElibraryFetcher - Куки успешно получены: {__utmz=216042306.1734184996.1.1.utmcsr=(direct)|utmccn=(direct)|utmcmd=(none), _ym_uid=1734184997610700142, SCookieGUID=0707DF92%2D5964%2D476E%2DBE0D%2DFC7F46CB98C6, _ym_isad=2, __utmt=1, __utmb=216042306.1.10.1734184996, _ym_d=1734184997, __utmc=216042306, SUserID=593393191, __utma=216042306.105416086.1734184996.1734184996.1734184996.1}
2024-12-14 17:03:17 [main] INFO  pustrace.elibraryjavaparser.Main - Обработка автора с ID: 955819
2024-12-14 17:03:21 [main] INFO  pustrace.elibraryjavaparser.Main - Статистика успешно сохранена в C:\PusTrace\programming\java\ElibraryJavaParser\terminal\export\statistics.json
2024-12-14 17:03:44 [main] INFO  pustrace.elibraryjavaparser.Main - Программа запущена
2024-12-14 17:03:44 [main] INFO  pustrace.elibraryjavaparser.ElibraryFetcher - Инициализация WebDriver...
2024-12-14 17:03:47 [main] DEBUG pustrace.elibraryjavaparser.ElibraryFetcher - Открыт сайт eLibrary
2024-12-14 17:03:47 [main] INFO  pustrace.elibraryjavaparser.ElibraryFetcher - Куки успешно получены: {SCookieGUID=1064B83D%2DA9E3%2D4D23%2DBF36%2D6EC942EF30C8, SUserID=593393250}
2024-12-14 17:03:47 [main] INFO  pustrace.elibraryjavaparser.Main - Обработка автора с ID: 955819
2024-12-14 17:03:51 [main] INFO  pustrace.elibraryjavaparser.Main - Статистика успешно сохранена в C:\PusTrace\programming\java\ElibraryJavaParser\terminal\export\statistics.json
2024-12-14 17:04:30 [main] INFO  pustrace.elibraryjavaparser.Main - Программа запущена
2024-12-14 17:04:30 [main] INFO  pustrace.elibraryjavaparser.ElibraryFetcher - Инициализация WebDriver...
2024-12-14 17:04:32 [main] DEBUG pustrace.elibraryjavaparser.ElibraryFetcher - Открыт сайт eLibrary
2024-12-14 17:04:42 [main] INFO  pustrace.elibraryjavaparser.ElibraryFetcher - Куки успешно получены: {SCookieGUID=9475F95C%2D7016%2D42A6%2D93D4%2DF71BE9519A5A, SUserID=593393305}
2024-12-14 17:04:42 [main] INFO  pustrace.elibraryjavaparser.Main - Обработка автора с ID: 955819
2024-12-14 17:04:47 [main] INFO  pustrace.elibraryjavaparser.Main - Статистика успешно сохранена в C:\PusTrace\programming\java\ElibraryJavaParser\terminal\export\statistics.json
2024-12-14 17:17:45 [main] INFO  pustrace.elibraryjavaparser.Main - Программа запущена
2024-12-14 17:17:45 [main] INFO  pustrace.elibraryjavaparser.ElibraryFetcher - Инициализация WebDriver...
2024-12-14 17:17:47 [main] DEBUG pustrace.elibraryjavaparser.ElibraryFetcher - Открыт сайт eLibrary
2024-12-14 17:17:57 [main] INFO  pustrace.elibraryjavaparser.ElibraryFetcher - Куки успешно получены: {SCookieGUID=9C6E33E4%2D5BFA%2D43B9%2DBF35%2D7119674F6030, SUserID=593394332}
2024-12-14 17:17:57 [main] INFO  pustrace.elibraryjavaparser.Main - Обработка автора с ID: 955819
2024-12-14 17:18:01 [main] INFO  pustrace.elibraryjavaparser.Main - Статистика успешно сохранена в C:\PusTrace\programming\java\ElibraryJavaParser\terminal\export\statistics.json
2024-12-14 17:18:27 [main] INFO  pustrace.elibraryjavaparser.Main - Программа запущена
2024-12-14 17:18:27 [main] INFO  pustrace.elibraryjavaparser.ElibraryFetcher - Инициализация WebDriver...
2024-12-14 17:18:29 [main] DEBUG pustrace.elibraryjavaparser.ElibraryFetcher - Открыт сайт eLibrary
2024-12-14 17:18:49 [main] INFO  pustrace.elibraryjavaparser.ElibraryFetcher - Куки успешно получены: {__utmz=216042306.1734185925.1.1.utmcsr=(direct)|utmccn=(direct)|utmcmd=(none), _ym_uid=1734185925242807368, SCookieGUID=8FA39F94%2DEB18%2D4C40%2D88AA%2D2E2BA95CE7C4, _ym_isad=2, __utmt=1, __utmb=216042306.1.10.1734185925, _ym_d=1734185925, __utmc=216042306, SUserID=593394373, __utma=216042306.498829585.1734185925.1734185925.1734185925.1}
2024-12-14 17:18:50 [main] INFO  pustrace.elibraryjavaparser.Main - Обработка автора с ID: 955819
2024-12-14 17:18:54 [main] INFO  pustrace.elibraryjavaparser.Main - Статистика успешно сохранена в C:\PusTrace\programming\java\ElibraryJavaParser\terminal\export\statistics.json
2024-12-14 19:55:43 [main] INFO  pustrace.elibraryjavaparser.Main - Программа запущена
2024-12-14 19:55:43 [main] INFO  pustrace.elibraryjavaparser.ElibraryFetcher - Инициализация WebDriver...
2024-12-14 19:55:46 [main] DEBUG pustrace.elibraryjavaparser.ElibraryFetcher - Открыт сайт eLibrary
2024-12-14 19:56:06 [main] INFO  pustrace.elibraryjavaparser.ElibraryFetcher - Куки успешно получены: {__utmz=216042306.1734195346.1.1.utmcsr=(direct)|utmccn=(direct)|utmcmd=(none), _ym_uid=1734195346970012535, SCookieGUID=5A20705A%2D0779%2D4EDD%2DB097%2DD8FEABAC28DC, _ym_isad=2, __utmt=1, __utmb=216042306.1.10.1734195346, _ym_d=1734195346, __utmc=216042306, SUserID=593407436, __utma=216042306.2147129082.1734195346.1734195346.1734195346.1}
2024-12-14 19:56:06 [main] INFO  pustrace.elibraryjavaparser.Main - Обработка автора с ID: 955819
2024-12-14 19:56:11 [main] INFO  pustrace.elibraryjavaparser.Main - Статистика успешно сохранена в C:\PusTrace\programming\java\ElibraryJavaParser\terminal\export\statistics.json
2024-12-14 19:57:50 [main] INFO  pustrace.elibraryjavaparser.Main - Программа запущена
2024-12-14 19:57:50 [main] INFO  pustrace.elibraryjavaparser.ElibraryFetcher - Инициализация WebDriver...
2024-12-14 19:57:52 [main] DEBUG pustrace.elibraryjavaparser.ElibraryFetcher - Открыт сайт eLibrary
2024-12-14 19:57:52 [main] INFO  pustrace.elibraryjavaparser.ElibraryFetcher - Куки успешно получены: {__utmz=216042306.1734195472.1.1.utmcsr=(direct)|utmccn=(direct)|utmcmd=(none), _ym_uid=1734195472627018393, SCookieGUID=67658587%2DF9F6%2D43DB%2DA174%2DE034AC836048, _ym_isad=2, __utmt=1, __utmb=216042306.1.10.1734195472, _ym_d=1734195472, __utmc=216042306, SUserID=593407587, __utma=216042306.2034038652.1734195472.1734195472.1734195472.1}
2024-12-14 19:57:52 [main] INFO  pustrace.elibraryjavaparser.Main - Обработка автора с ID: 955819
2024-12-14 19:57:57 [main] INFO  pustrace.elibraryjavaparser.Main - Статистика успешно сохранена в C:\PusTrace\programming\java\ElibraryJavaParser\terminal\export\statistics.json
2024-12-14 20:08:30 [main] INFO  pustrace.elibraryjavaparser.Main - Программа запущена
2024-12-14 20:08:30 [main] INFO  pustrace.elibraryjavaparser.ElibraryFetcher - Инициализация WebDriver...
2024-12-14 20:08:32 [main] DEBUG pustrace.elibraryjavaparser.ElibraryFetcher - Открыт сайт eLibrary
2024-12-14 20:08:32 [main] INFO  pustrace.elibraryjavaparser.ElibraryFetcher - Куки успешно получены: {__utmz=216042306.1734196112.1.1.utmcsr=(direct)|utmccn=(direct)|utmcmd=(none), _ym_uid=1734196113111298877, SCookieGUID=7F0716CA%2DA73D%2D4D9B%2D96CA%2D679FD9D0FFC6, __utmt=1, __utmb=216042306.1.10.1734196112, _ym_d=1734196113, __utmc=216042306, SUserID=593408588, __utma=216042306.292942994.1734196112.1734196112.1734196112.1}
2024-12-14 20:08:32 [main] INFO  pustrace.elibraryjavaparser.Main - Обработка автора с ID: 955819
2024-12-14 20:08:37 [main] INFO  pustrace.elibraryjavaparser.Main - Статистика успешно сохранена в C:\PusTrace\programming\java\ElibraryJavaParser\terminal\export\statistics.json
2024-12-14 20:11:33 [main] INFO  pustrace.elibraryjavaparser.Main - Программа запущена
2024-12-14 20:11:33 [main] INFO  pustrace.elibraryjavaparser.ElibraryFetcher - Инициализация WebDriver...
2024-12-14 20:11:35 [main] DEBUG pustrace.elibraryjavaparser.ElibraryFetcher - Открыт сайт eLibrary
2024-12-14 20:11:36 [main] INFO  pustrace.elibraryjavaparser.ElibraryFetcher - Куки успешно получены: {__utmz=216042306.1734196295.1.1.utmcsr=(direct)|utmccn=(direct)|utmcmd=(none), _ym_uid=173419629559033341, SCookieGUID=BB39E8A3%2DE45E%2D47AA%2DB89D%2D7192A30029CF, _ym_isad=2, __utmt=1, __utmb=216042306.1.10.1734196295, _ym_d=1734196295, __utmc=216042306, SUserID=593408821, __utma=216042306.205193071.1734196295.1734196295.1734196295.1}
2024-12-14 20:11:36 [main] INFO  pustrace.elibraryjavaparser.Main - Обработка автора с ID: 955819, 1086593
2024-12-14 20:11:40 [main] INFO  pustrace.elibraryjavaparser.Main - Статистика успешно сохранена в C:\PusTrace\programming\java\ElibraryJavaParser\terminal\export\statistics.json
2024-12-14 20:12:09 [main] INFO  pustrace.elibraryjavaparser.Main - Программа запущена
2024-12-14 20:12:09 [main] INFO  pustrace.elibraryjavaparser.ElibraryFetcher - Инициализация WebDriver...
2024-12-14 20:12:11 [main] DEBUG pustrace.elibraryjavaparser.ElibraryFetcher - Открыт сайт eLibrary
2024-12-14 20:12:11 [main] INFO  pustrace.elibraryjavaparser.ElibraryFetcher - Куки успешно получены: {SCookieGUID=FB58D892%2D6096%2D40A9%2D9576%2DD073E28E8AC3, SUserID=593408859}
2024-12-14 20:12:11 [main] INFO  pustrace.elibraryjavaparser.Main - Обработка автора с ID: 955819
2024-12-14 20:12:16 [main] INFO  pustrace.elibraryjavaparser.Main - Обработка автора с ID: 1086593
2024-12-14 20:12:19 [main] INFO  pustrace.elibraryjavaparser.Main - Статистика успешно сохранена в C:\PusTrace\programming\java\ElibraryJavaParser\terminal\export\statistics.json
2024-12-14 20:13:29 [main] INFO  pustrace.elibraryjavaparser.Main - Программа запущена
2024-12-14 20:13:29 [main] INFO  pustrace.elibraryjavaparser.ElibraryFetcher - Инициализация WebDriver...
2024-12-14 20:13:31 [main] DEBUG pustrace.elibraryjavaparser.ElibraryFetcher - Открыт сайт eLibrary
2024-12-14 20:13:51 [main] INFO  pustrace.elibraryjavaparser.ElibraryFetcher - Куки успешно получены: {SCookieGUID=043494CC%2DE357%2D4D12%2DB95A%2DACC4FF053762, SUserID=593408958}
2024-12-14 20:13:51 [main] INFO  pustrace.elibraryjavaparser.Main - Обработка автора с ID: 955819
2024-12-14 20:13:56 [main] INFO  pustrace.elibraryjavaparser.Main - Программа запущена
2024-12-14 20:13:56 [main] INFO  pustrace.elibraryjavaparser.ElibraryFetcher - Инициализация WebDriver...
2024-12-14 20:13:58 [main] DEBUG pustrace.elibraryjavaparser.ElibraryFetcher - Открыт сайт eLibrary
2024-12-14 20:14:18 [main] INFO  pustrace.elibraryjavaparser.ElibraryFetcher - Куки успешно получены: {SCookieGUID=80B6EE0A%2D8BDA%2D462B%2D9477%2DB246B101A455, SUserID=593408995}
2024-12-14 20:14:18 [main] INFO  pustrace.elibraryjavaparser.Main - Обработка автора с ID: 955819
2024-12-14 20:14:36 [main] INFO  pustrace.elibraryjavaparser.Main - Программа запущена
2024-12-14 20:14:36 [main] INFO  pustrace.elibraryjavaparser.ElibraryFetcher - Инициализация WebDriver...
2024-12-14 20:14:38 [main] DEBUG pustrace.elibraryjavaparser.ElibraryFetcher - Открыт сайт eLibrary
2024-12-14 20:15:28 [main] INFO  pustrace.elibraryjavaparser.ElibraryFetcher - Куки успешно получены: {__utmz=216042306.1734196522.1.1.utmcsr=(direct)|utmccn=(direct)|utmcmd=(none), _ym_uid=1734196523474872106, SCookieGUID=40EC3AF2%2DDF6E%2D448B%2D90A7%2D4F3E3B1F90F9, _ym_isad=2, __utmt=1, __utmb=216042306.1.10.1734196522, _ym_d=1734196523, __utmc=216042306, SUserID=593409033, __utma=216042306.2095140134.1734196522.1734196522.1734196522.1}
2024-12-14 20:15:28 [main] INFO  pustrace.elibraryjavaparser.Main - Обработка автора с ID: 955819
2024-12-14 20:15:33 [main] INFO  pustrace.elibraryjavaparser.Main - Обработка автора с ID: 1086593
2024-12-14 20:15:39 [main] INFO  pustrace.elibraryjavaparser.Main - Статистика успешно сохранена в C:\PusTrace\programming\java\ElibraryJavaParser\terminal\export\statistics.json
2024-12-14 20:26:45 [main] INFO  pustrace.elibraryjavaparser.Main - Программа запущена
2024-12-14 20:26:45 [main] INFO  pustrace.elibraryjavaparser.ElibraryFetcher - Инициализация WebDriver...
2024-12-14 20:26:47 [main] DEBUG pustrace.elibraryjavaparser.ElibraryFetcher - Открыт сайт eLibrary
2024-12-14 20:27:27 [main] INFO  pustrace.elibraryjavaparser.Main - Программа запущена
2024-12-14 20:27:27 [main] INFO  pustrace.elibraryjavaparser.ElibraryFetcher - Инициализация WebDriver...
2024-12-14 20:27:29 [main] DEBUG pustrace.elibraryjavaparser.ElibraryFetcher - Открыт сайт eLibrary
2024-12-14 20:27:29 [main] INFO  pustrace.elibraryjavaparser.ElibraryFetcher - Куки успешно получены: {__utmz=216042306.1734197250.1.1.utmcsr=(direct)|utmccn=(direct)|utmcmd=(none), _ym_uid=1734197250933795757, SCookieGUID=83096966%2D30D1%2D4690%2D86C2%2D8937AF008927, __utmt=1, __utmb=216042306.1.10.1734197250, _ym_d=1734197250, __utmc=216042306, SUserID=593410038, __utma=216042306.924136266.1734197250.1734197250.1734197250.1}
2024-12-14 20:27:30 [main] INFO  pustrace.elibraryjavaparser.Main - Обработка автора с ID: 955819
2024-12-14 20:27:39 [main] INFO  pustrace.elibraryjavaparser.Main - Обработка автора с ID: 1086593
2024-12-14 20:27:47 [main] INFO  pustrace.elibraryjavaparser.Main - Статистика успешно сохранена в C:\PusTrace\programming\java\ElibraryJavaParser\terminal\export\statistics.json
2024-12-14 20:29:09 [main] INFO  pustrace.elibraryjavaparser.Main - Программа запущена
2024-12-14 20:29:09 [main] INFO  pustrace.elibraryjavaparser.ElibraryFetcher - Инициализация WebDriver...
2024-12-14 20:29:11 [main] DEBUG pustrace.elibraryjavaparser.ElibraryFetcher - Открыт сайт eLibrary
2024-12-14 20:29:11 [main] INFO  pustrace.elibraryjavaparser.ElibraryFetcher - Куки успешно получены: {SCookieGUID=3CC129B7%2D74F6%2D4843%2D8040%2DF7D209D299D4, SUserID=593410140}
2024-12-14 20:29:11 [main] INFO  pustrace.elibraryjavaparser.Main - Обработка автора с ID: 955819
2024-12-14 20:29:28 [main] INFO  pustrace.elibraryjavaparser.Main - Программа запущена
2024-12-14 20:29:28 [main] INFO  pustrace.elibraryjavaparser.ElibraryFetcher - Инициализация WebDriver...
2024-12-14 20:29:30 [main] DEBUG pustrace.elibraryjavaparser.ElibraryFetcher - Открыт сайт eLibrary
2024-12-14 20:30:20 [main] INFO  pustrace.elibraryjavaparser.ElibraryFetcher - Куки успешно получены: {__utmz=216042306.1734197413.1.1.utmcsr=(direct)|utmccn=(direct)|utmcmd=(none), _ym_uid=1734197413897281550, SCookieGUID=693E7441%2D1294%2D4463%2DB6F5%2D00630970DFE1, _ym_isad=1, __utmt=1, __utmb=216042306.1.10.1734197413, _ym_d=1734197413, __utmc=216042306, SUserID=593410164, __utma=216042306.384422487.1734197413.1734197413.1734197413.1}
2024-12-14 20:30:20 [main] INFO  pustrace.elibraryjavaparser.Main - Обработка автора с ID: 955819
2024-12-14 20:30:30 [main] INFO  pustrace.elibraryjavaparser.Main - Обработка автора с ID: 1086593
2024-12-14 20:31:08 [main] INFO  pustrace.elibraryjavaparser.Main - Статистика успешно сохранена в C:\PusTrace\programming\java\ElibraryJavaParser\terminal\export\statistics.json
2024-12-14 20:39:06 [main] INFO  pustrace.elibraryjavaparser.Main - Программа запущена
2024-12-14 20:39:06 [main] INFO  pustrace.elibraryjavaparser.ElibraryFetcher - Инициализация WebDriver...
2024-12-14 20:39:09 [main] DEBUG pustrace.elibraryjavaparser.ElibraryFetcher - Открыт сайт eLibrary
2024-12-14 20:39:28 [main] INFO  pustrace.elibraryjavaparser.Main - Программа запущена
2024-12-14 20:39:28 [main] INFO  pustrace.elibraryjavaparser.ElibraryFetcher - Инициализация WebDriver...
2024-12-14 20:39:30 [main] DEBUG pustrace.elibraryjavaparser.ElibraryFetcher - Открыт сайт eLibrary
2024-12-14 20:39:30 [main] INFO  pustrace.elibraryjavaparser.ElibraryFetcher - Куки успешно получены: {__utmz=216042306.1734197970.1.1.utmcsr=(direct)|utmccn=(direct)|utmcmd=(none), _ym_uid=1734197970630096976, SCookieGUID=7BFFE8B1%2D72D5%2D4D78%2DBDED%2D721BA66F89E1, _ym_isad=2, __utmt=1, __utmb=216042306.1.10.1734197970, _ym_d=1734197970, __utmc=216042306, SUserID=593410919, __utma=216042306.1269147397.1734197970.1734197970.1734197970.1}
2024-12-14 20:39:30 [main] INFO  pustrace.elibraryjavaparser.Main - Обработка автора с ID: 955819
2024-12-14 20:39:45 [main] INFO  pustrace.elibraryjavaparser.Main - Обработка автора с ID: 1086593
2024-12-14 20:39:58 [main] INFO  pustrace.elibraryjavaparser.Main - Статистика успешно сохранена в C:\PusTrace\programming\java\ElibraryJavaParser\terminal\export\statistics.json
2024-12-14 20:40:45 [main] INFO  pustrace.elibraryjavaparser.Main - Программа запущена
2024-12-14 20:40:45 [main] INFO  pustrace.elibraryjavaparser.ElibraryFetcher - Инициализация WebDriver...
2024-12-14 20:40:47 [main] DEBUG pustrace.elibraryjavaparser.ElibraryFetcher - Открыт сайт eLibrary
2024-12-14 20:40:47 [main] INFO  pustrace.elibraryjavaparser.ElibraryFetcher - Куки успешно получены: {SCookieGUID=93C20550%2DC61F%2D4A77%2DAC11%2DF2D8449C196F, SUserID=593411017}
2024-12-14 20:40:47 [main] INFO  pustrace.elibraryjavaparser.Main - Обработка автора с ID: 955819
2024-12-14 20:41:34 [main] INFO  pustrace.elibraryjavaparser.Main - Программа запущена
2024-12-14 20:41:34 [main] INFO  pustrace.elibraryjavaparser.ElibraryFetcher - Инициализация WebDriver...
2024-12-14 20:41:36 [main] DEBUG pustrace.elibraryjavaparser.ElibraryFetcher - Открыт сайт eLibrary
2024-12-14 20:42:26 [main] INFO  pustrace.elibraryjavaparser.ElibraryFetcher - Куки успешно получены: {__utmz=216042306.1734198111.1.1.utmcsr=(direct)|utmccn=(direct)|utmcmd=(none), _ym_uid=1734198111257372599, SCookieGUID=91AE47E8%2DB62A%2D429E%2DBDC4%2DE4AA3BFA892C, _ym_isad=2, __utmt=1, __utmb=216042306.1.10.1734198111, _ym_d=1734198111, __utmc=216042306, SUserID=593411077, __utma=216042306.1968977192.1734198111.1734198111.1734198111.1}
2024-12-14 20:42:26 [main] INFO  pustrace.elibraryjavaparser.Main - Обработка автора с ID: 955819
2024-12-14 20:42:36 [main] INFO  pustrace.elibraryjavaparser.Main - Обработка автора с ID: 1086593
2024-12-14 20:43:13 [main] INFO  pustrace.elibraryjavaparser.Main - Статистика успешно сохранена в C:\PusTrace\programming\java\ElibraryJavaParser\terminal\export\statistics.json
2024-12-14 20:49:02 [main] INFO  pustrace.elibraryjavaparser.Main - Программа запущена
2024-12-14 20:49:02 [main] INFO  pustrace.elibraryjavaparser.ElibraryFetcher - Инициализация WebDriver...
2024-12-14 20:49:04 [main] DEBUG pustrace.elibraryjavaparser.ElibraryFetcher - Открыт сайт eLibrary
2024-12-14 20:49:32 [main] INFO  pustrace.elibraryjavaparser.Main - Программа запущена
2024-12-14 20:49:32 [main] INFO  pustrace.elibraryjavaparser.ElibraryFetcher - Инициализация WebDriver...
2024-12-14 20:49:34 [main] DEBUG pustrace.elibraryjavaparser.ElibraryFetcher - Открыт сайт eLibrary
2024-12-14 20:49:34 [main] INFO  pustrace.elibraryjavaparser.ElibraryFetcher - Куки успешно получены: {__utmz=216042306.1734198574.1.1.utmcsr=(direct)|utmccn=(direct)|utmcmd=(none), _ym_uid=1734198574467426540, SCookieGUID=0E211781%2D9FD2%2D4CDF%2DA0F3%2DD752903DF2AB, __utmt=1, __utmb=216042306.1.10.1734198574, _ym_d=1734198574, __utmc=216042306, SUserID=593411668, __utma=216042306.400953468.1734198574.1734198574.1734198574.1}
2024-12-14 20:49:34 [main] INFO  pustrace.elibraryjavaparser.Main - Обработка автора с ID: 955819
2024-12-14 20:49:39 [main] INFO  pustrace.elibraryjavaparser.Main - Обработка автора с ID: 1086593
2024-12-14 20:49:42 [main] INFO  pustrace.elibraryjavaparser.Main - Статистика успешно сохранена в C:\PusTrace\programming\java\ElibraryJavaParser\terminal\export\statistics.json
2024-12-14 20:50:01 [main] INFO  pustrace.elibraryjavaparser.Main - Программа запущена
2024-12-14 20:50:01 [main] INFO  pustrace.elibraryjavaparser.ElibraryFetcher - Инициализация WebDriver...
2024-12-14 20:50:03 [main] DEBUG pustrace.elibraryjavaparser.ElibraryFetcher - Открыт сайт eLibrary
2024-12-14 20:50:03 [main] INFO  pustrace.elibraryjavaparser.ElibraryFetcher - Куки успешно получены: {SCookieGUID=FD5D75B7%2DF0D3%2D4F16%2D8E17%2D5F19BD16C0CA, SUserID=593411716}
2024-12-14 20:50:03 [main] INFO  pustrace.elibraryjavaparser.Main - Обработка автора с ID: 955819
2024-12-14 20:50:38 [main] INFO  pustrace.elibraryjavaparser.Main - Программа запущена
2024-12-14 20:50:38 [main] INFO  pustrace.elibraryjavaparser.ElibraryFetcher - Инициализация WebDriver...
2024-12-14 20:50:40 [main] DEBUG pustrace.elibraryjavaparser.ElibraryFetcher - Открыт сайт eLibrary
2024-12-15 00:04:05 [main] INFO  pustrace.elibraryjavaparser.Main - Программа запущена
2024-12-15 00:04:05 [main] INFO  pustrace.elibraryjavaparser.ElibraryFetcher - Инициализация WebDriver...
2024-12-15 00:04:08 [main] DEBUG pustrace.elibraryjavaparser.ElibraryFetcher - Открыт сайт eLibrary
2024-12-15 00:04:58 [main] INFO  pustrace.elibraryjavaparser.ElibraryFetcher - Куки успешно получены: {__utmz=216042306.1734210248.1.1.utmcsr=(direct)|utmccn=(direct)|utmcmd=(none), _ym_uid=1734210248814386900, SCookieGUID=FDBC7AB4%2D4ADC%2D4CEF%2DB895%2DBA1DAB3FCDE5, _ym_isad=2, __utmt=1, __utmb=216042306.1.10.1734210248, _ym_d=1734210248, __utmc=216042306, SUserID=593425407, __utma=216042306.1142408311.1734210248.1734210248.1734210248.1}
2024-12-15 00:04:58 [main] INFO  pustrace.elibraryjavaparser.Main - Обработка автора с ID: 955819
2024-12-15 00:05:03 [main] INFO  pustrace.elibraryjavaparser.Main - Обработка автора с ID: 1086593
2024-12-15 00:05:07 [main] INFO  pustrace.elibraryjavaparser.Main - Статистика успешно сохранена в C:\PusTrace\programming\java\ElibraryJavaParser\terminal\export\statistics.json
2024-12-15 00:05:55 [main] INFO  pustrace.elibraryjavaparser.Main - Программа запущена
2024-12-15 00:05:55 [main] INFO  pustrace.elibraryjavaparser.ElibraryFetcher - Инициализация WebDriver...
2024-12-15 00:05:57 [main] DEBUG pustrace.elibraryjavaparser.ElibraryFetcher - Открыт сайт eLibrary
2024-12-15 00:06:47 [main] INFO  pustrace.elibraryjavaparser.ElibraryFetcher - Куки успешно получены: {__utmz=216042306.1734210357.1.1.utmcsr=(direct)|utmccn=(direct)|utmcmd=(none), _ym_uid=1734210357173188745, SCookieGUID=6F49F4D7%2DE6E7%2D4E11%2DA3DE%2D780C193F3D6D, _ym_isad=2, __utmt=1, __utmb=216042306.1.10.1734210357, _ym_d=1734210357, __utmc=216042306, SUserID=593425520, __utma=216042306.2050355627.1734210357.1734210357.1734210357.1}
2024-12-15 00:06:47 [main] INFO  pustrace.elibraryjavaparser.Main - Обработка автора с ID: 955819
2024-12-15 00:06:52 [main] INFO  pustrace.elibraryjavaparser.Main - Обработка автора с ID: 1086593
2024-12-15 00:07:00 [main] INFO  pustrace.elibraryjavaparser.Main - Статистика успешно сохранена в C:\PusTrace\programming\java\ElibraryJavaParser\terminal\export\statistics.json
2024-12-15 18:11:04 [main] INFO  pustrace.elibraryjavaparser.Main - Программа запущена
2024-12-15 18:11:04 [main] INFO  pustrace.elibraryjavaparser.ElibraryFetcher - Инициализация WebDriver...
2024-12-15 18:11:07 [main] DEBUG pustrace.elibraryjavaparser.ElibraryFetcher - Открыт сайт eLibrary
2024-12-15 18:11:57 [main] INFO  pustrace.elibraryjavaparser.ElibraryFetcher - Куки успешно получены: {__utmz=216042306.1734275467.1.1.utmcsr=(direct)|utmccn=(direct)|utmcmd=(none), _ym_uid=1734275468910599867, SCookieGUID=3E184E80%2D5252%2D40DD%2DB227%2D65CD273C6334, _ym_isad=2, __utmt=1, __utmb=216042306.1.10.1734275467, _ym_d=1734275468, __utmc=216042306, SUserID=593499676, __utma=216042306.1621362165.1734275467.1734275467.1734275467.1}
2024-12-15 18:11:57 [main] INFO  pustrace.elibraryjavaparser.Main - Обработка автора с ID: 955819
2024-12-15 18:12:02 [main] INFO  pustrace.elibraryjavaparser.Main - Обработка автора с ID: 1086593
2024-12-15 18:12:11 [main] INFO  pustrace.elibraryjavaparser.Main - Статистика успешно сохранена в C:\PusTrace\programming\java\ElibraryJavaParser\terminal\export\statistics.json
2024-12-15 18:43:40 [JavaFX Application Thread] INFO  pustrace.elibraryjavaparser.ElibraryFetcher - Инициализация WebDriver...
2024-12-15 18:43:43 [JavaFX Application Thread] DEBUG pustrace.elibraryjavaparser.ElibraryFetcher - Открыт сайт eLibrary
2024-12-15 18:43:43 [JavaFX Application Thread] INFO  pustrace.elibraryjavaparser.ElibraryFetcher - Куки успешно получены: {__utmz=216042306.1734277423.1.1.utmcsr=(direct)|utmccn=(direct)|utmcmd=(none), _ym_uid=1734277423646349573, SCookieGUID=5F7781C9%2D8E2A%2D4195%2DBFA2%2D02CC90C5E3A0, _ym_isad=2, __utmt=1, __utmb=216042306.1.10.1734277423, _ym_d=1734277423, __utmc=216042306, SUserID=593503130, __utma=216042306.1447552447.1734277423.1734277423.1734277423.1}
2024-12-15 18:43:43 [JavaFX Application Thread] ERROR pustrace.elibraryjavaparser.Main - Ошибка во время выполнения программы
java.io.FileNotFoundException:  (Системе не удается найти указанный путь)
	at java.io.FileInputStream.open0(Native Method) ~[?:?]
	at java.io.FileInputStream.open(FileInputStream.java:211) ~[?:?]
	at java.io.FileInputStream.<init>(FileInputStream.java:153) ~[?:?]
	at java.io.FileInputStream.<init>(FileInputStream.java:108) ~[?:?]
	at java.io.FileReader.<init>(FileReader.java:60) ~[?:?]
	at pustrace.elibraryjavaparser.AuthorIdReader.readAuthorIds(AuthorIdReader.java:10) ~[main/:?]
	at pustrace.elibraryjavaparser.Main.processAuthors(Main.java:31) ~[main/:?]
	at pustrace.elibraryjavaparser.MainGUI.lambda$start$0(MainGUI.java:42) ~[main/:?]
	at com.sun.javafx.event.CompositeEventHandler.dispatchBubblingEvent(CompositeEventHandler.java:86) ~[javafx.base.jar:?]
	at com.sun.javafx.event.EventHandlerManager.dispatchBubblingEvent(EventHandlerManager.java:234) ~[javafx.base.jar:?]
	at com.sun.javafx.event.EventHandlerManager.dispatchBubblingEvent(EventHandlerManager.java:191) ~[javafx.base.jar:?]
	at com.sun.javafx.event.CompositeEventDispatcher.dispatchBubblingEvent(CompositeEventDispatcher.java:59) ~[javafx.base.jar:?]
	at com.sun.javafx.event.BasicEventDispatcher.dispatchEvent(BasicEventDispatcher.java:58) ~[javafx.base.jar:?]
	at com.sun.javafx.event.EventDispatchChainImpl.dispatchEvent(EventDispatchChainImpl.java:114) ~[javafx.base.jar:?]
	at com.sun.javafx.event.BasicEventDispatcher.dispatchEvent(BasicEventDispatcher.java:56) ~[javafx.base.jar:?]
	at com.sun.javafx.event.EventDispatchChainImpl.dispatchEvent(EventDispatchChainImpl.java:114) ~[javafx.base.jar:?]
	at com.sun.javafx.event.BasicEventDispatcher.dispatchEvent(BasicEventDispatcher.java:56) ~[javafx.base.jar:?]
	at com.sun.javafx.event.EventDispatchChainImpl.dispatchEvent(EventDispatchChainImpl.java:114) ~[javafx.base.jar:?]
	at com.sun.javafx.event.EventUtil.fireEventImpl(EventUtil.java:74) ~[javafx.base.jar:?]
	at com.sun.javafx.event.EventUtil.fireEvent(EventUtil.java:49) ~[javafx.base.jar:?]
	at javafx.event.Event.fireEvent(Event.java:198) ~[javafx.base.jar:?]
	at javafx.scene.Node.fireEvent(Node.java:8792) ~[javafx.graphics.jar:?]
	at javafx.scene.control.Button.fire(Button.java:203) ~[javafx.controls.jar:?]
	at com.sun.javafx.scene.control.behavior.ButtonBehavior.mouseReleased(ButtonBehavior.java:208) ~[javafx.controls.jar:?]
	at com.sun.javafx.scene.control.inputmap.InputMap.handle(InputMap.java:274) ~[javafx.controls.jar:?]
	at com.sun.javafx.event.CompositeEventHandler$NormalEventHandlerRecord.handleBubblingEvent(CompositeEventHandler.java:247) ~[javafx.base.jar:?]
	at com.sun.javafx.event.CompositeEventHandler.dispatchBubblingEvent(CompositeEventHandler.java:80) ~[javafx.base.jar:?]
	at com.sun.javafx.event.EventHandlerManager.dispatchBubblingEvent(EventHandlerManager.java:234) ~[javafx.base.jar:?]
	at com.sun.javafx.event.EventHandlerManager.dispatchBubblingEvent(EventHandlerManager.java:191) ~[javafx.base.jar:?]
	at com.sun.javafx.event.CompositeEventDispatcher.dispatchBubblingEvent(CompositeEventDispatcher.java:59) ~[javafx.base.jar:?]
	at com.sun.javafx.event.BasicEventDispatcher.dispatchEvent(BasicEventDispatcher.java:58) ~[javafx.base.jar:?]
	at com.sun.javafx.event.EventDispatchChainImpl.dispatchEvent(EventDispatchChainImpl.java:114) ~[javafx.base.jar:?]
	at com.sun.javafx.event.BasicEventDispatcher.dispatchEvent(BasicEventDispatcher.java:56) ~[javafx.base.jar:?]
	at com.sun.javafx.event.EventDispatchChainImpl.dispatchEvent(EventDispatchChainImpl.java:114) ~[javafx.base.jar:?]
	at com.sun.javafx.event.BasicEventDispatcher.dispatchEvent(BasicEventDispatcher.java:56) ~[javafx.base.jar:?]
	at com.sun.javafx.event.EventDispatchChainImpl.dispatchEvent(EventDispatchChainImpl.java:114) ~[javafx.base.jar:?]
	at com.sun.javafx.event.EventUtil.fireEventImpl(EventUtil.java:74) ~[javafx.base.jar:?]
	at com.sun.javafx.event.EventUtil.fireEvent(EventUtil.java:54) ~[javafx.base.jar:?]
	at javafx.event.Event.fireEvent(Event.java:198) ~[javafx.base.jar:?]
	at javafx.scene.Scene$MouseHandler.process(Scene.java:3897) ~[javafx.graphics.jar:?]
	at javafx.scene.Scene.processMouseEvent(Scene.java:1878) ~[javafx.graphics.jar:?]
	at javafx.scene.Scene$ScenePeerListener.mouseEvent(Scene.java:2623) ~[javafx.graphics.jar:?]
	at com.sun.javafx.tk.quantum.GlassViewEventHandler$MouseEventNotification.run(GlassViewEventHandler.java:411) ~[javafx.graphics.jar:?]
	at com.sun.javafx.tk.quantum.GlassViewEventHandler$MouseEventNotification.run(GlassViewEventHandler.java:301) ~[javafx.graphics.jar:?]
	at java.security.AccessController.doPrivileged(AccessController.java:391) ~[?:?]
	at com.sun.javafx.tk.quantum.GlassViewEventHandler.lambda$handleMouseEvent$2(GlassViewEventHandler.java:450) ~[javafx.graphics.jar:?]
	at com.sun.javafx.tk.quantum.QuantumToolkit.runWithoutRenderLock(QuantumToolkit.java:423) ~[javafx.graphics.jar:?]
	at com.sun.javafx.tk.quantum.GlassViewEventHandler.handleMouseEvent(GlassViewEventHandler.java:449) ~[javafx.graphics.jar:?]
	at com.sun.glass.ui.View.handleMouseEvent(View.java:551) ~[javafx.graphics.jar:?]
	at com.sun.glass.ui.View.notifyMouse(View.java:937) ~[javafx.graphics.jar:?]
	at com.sun.glass.ui.win.WinApplication._runLoop(Native Method) ~[javafx.graphics.jar:?]
	at com.sun.glass.ui.win.WinApplication.lambda$runLoop$3(WinApplication.java:184) ~[javafx.graphics.jar:?]
	at java.lang.Thread.run(Thread.java:831) [?:?]
2024-12-15 18:44:36 [JavaFX Application Thread] INFO  pustrace.elibraryjavaparser.ElibraryFetcher - Инициализация WebDriver...
2024-12-15 18:44:39 [JavaFX Application Thread] DEBUG pustrace.elibraryjavaparser.ElibraryFetcher - Открыт сайт eLibrary
2024-12-15 18:44:39 [JavaFX Application Thread] INFO  pustrace.elibraryjavaparser.ElibraryFetcher - Куки успешно получены: {__utmz=216042306.1734277479.1.1.utmcsr=(direct)|utmccn=(direct)|utmcmd=(none), _ym_uid=1734277479397713884, SCookieGUID=C4D2EA3A%2D0490%2D48CD%2D8784%2DAD848F6E6825, _ym_isad=2, __utmt=1, __utmb=216042306.1.10.1734277479, _ym_d=1734277479, __utmc=216042306, SUserID=593503229, __utma=216042306.508445955.1734277479.1734277479.1734277479.1}
2024-12-15 18:44:39 [JavaFX Application Thread] ERROR pustrace.elibraryjavaparser.Main - Ошибка во время выполнения программы
java.io.FileNotFoundException:  (Отказано в доступе)
	at java.io.FileInputStream.open0(Native Method) ~[?:?]
	at java.io.FileInputStream.open(FileInputStream.java:211) ~[?:?]
	at java.io.FileInputStream.<init>(FileInputStream.java:153) ~[?:?]
	at java.io.FileInputStream.<init>(FileInputStream.java:108) ~[?:?]
	at java.io.FileReader.<init>(FileReader.java:60) ~[?:?]
	at pustrace.elibraryjavaparser.AuthorIdReader.readAuthorIds(AuthorIdReader.java:10) ~[main/:?]
	at pustrace.elibraryjavaparser.Main.processAuthors(Main.java:31) ~[main/:?]
	at pustrace.elibraryjavaparser.MainGUI.lambda$start$0(MainGUI.java:42) ~[main/:?]
	at com.sun.javafx.event.CompositeEventHandler.dispatchBubblingEvent(CompositeEventHandler.java:86) ~[javafx.base.jar:?]
	at com.sun.javafx.event.EventHandlerManager.dispatchBubblingEvent(EventHandlerManager.java:234) ~[javafx.base.jar:?]
	at com.sun.javafx.event.EventHandlerManager.dispatchBubblingEvent(EventHandlerManager.java:191) ~[javafx.base.jar:?]
	at com.sun.javafx.event.CompositeEventDispatcher.dispatchBubblingEvent(CompositeEventDispatcher.java:59) ~[javafx.base.jar:?]
	at com.sun.javafx.event.BasicEventDispatcher.dispatchEvent(BasicEventDispatcher.java:58) ~[javafx.base.jar:?]
	at com.sun.javafx.event.EventDispatchChainImpl.dispatchEvent(EventDispatchChainImpl.java:114) ~[javafx.base.jar:?]
	at com.sun.javafx.event.BasicEventDispatcher.dispatchEvent(BasicEventDispatcher.java:56) ~[javafx.base.jar:?]
	at com.sun.javafx.event.EventDispatchChainImpl.dispatchEvent(EventDispatchChainImpl.java:114) ~[javafx.base.jar:?]
	at com.sun.javafx.event.BasicEventDispatcher.dispatchEvent(BasicEventDispatcher.java:56) ~[javafx.base.jar:?]
	at com.sun.javafx.event.EventDispatchChainImpl.dispatchEvent(EventDispatchChainImpl.java:114) ~[javafx.base.jar:?]
	at com.sun.javafx.event.EventUtil.fireEventImpl(EventUtil.java:74) ~[javafx.base.jar:?]
	at com.sun.javafx.event.EventUtil.fireEvent(EventUtil.java:49) ~[javafx.base.jar:?]
	at javafx.event.Event.fireEvent(Event.java:198) ~[javafx.base.jar:?]
	at javafx.scene.Node.fireEvent(Node.java:8792) ~[javafx.graphics.jar:?]
	at javafx.scene.control.Button.fire(Button.java:203) ~[javafx.controls.jar:?]
	at com.sun.javafx.scene.control.behavior.ButtonBehavior.mouseReleased(ButtonBehavior.java:208) ~[javafx.controls.jar:?]
	at com.sun.javafx.scene.control.inputmap.InputMap.handle(InputMap.java:274) ~[javafx.controls.jar:?]
	at com.sun.javafx.event.CompositeEventHandler$NormalEventHandlerRecord.handleBubblingEvent(CompositeEventHandler.java:247) ~[javafx.base.jar:?]
	at com.sun.javafx.event.CompositeEventHandler.dispatchBubblingEvent(CompositeEventHandler.java:80) ~[javafx.base.jar:?]
	at com.sun.javafx.event.EventHandlerManager.dispatchBubblingEvent(EventHandlerManager.java:234) ~[javafx.base.jar:?]
	at com.sun.javafx.event.EventHandlerManager.dispatchBubblingEvent(EventHandlerManager.java:191) ~[javafx.base.jar:?]
	at com.sun.javafx.event.CompositeEventDispatcher.dispatchBubblingEvent(CompositeEventDispatcher.java:59) ~[javafx.base.jar:?]
	at com.sun.javafx.event.BasicEventDispatcher.dispatchEvent(BasicEventDispatcher.java:58) ~[javafx.base.jar:?]
	at com.sun.javafx.event.EventDispatchChainImpl.dispatchEvent(EventDispatchChainImpl.java:114) ~[javafx.base.jar:?]
	at com.sun.javafx.event.BasicEventDispatcher.dispatchEvent(BasicEventDispatcher.java:56) ~[javafx.base.jar:?]
	at com.sun.javafx.event.EventDispatchChainImpl.dispatchEvent(EventDispatchChainImpl.java:114) ~[javafx.base.jar:?]
	at com.sun.javafx.event.BasicEventDispatcher.dispatchEvent(BasicEventDispatcher.java:56) ~[javafx.base.jar:?]
	at com.sun.javafx.event.EventDispatchChainImpl.dispatchEvent(EventDispatchChainImpl.java:114) ~[javafx.base.jar:?]
	at com.sun.javafx.event.EventUtil.fireEventImpl(EventUtil.java:74) ~[javafx.base.jar:?]
	at com.sun.javafx.event.EventUtil.fireEvent(EventUtil.java:54) ~[javafx.base.jar:?]
	at javafx.event.Event.fireEvent(Event.java:198) ~[javafx.base.jar:?]
	at javafx.scene.Scene$MouseHandler.process(Scene.java:3897) ~[javafx.graphics.jar:?]
	at javafx.scene.Scene.processMouseEvent(Scene.java:1878) ~[javafx.graphics.jar:?]
	at javafx.scene.Scene$ScenePeerListener.mouseEvent(Scene.java:2623) ~[javafx.graphics.jar:?]
	at com.sun.javafx.tk.quantum.GlassViewEventHandler$MouseEventNotification.run(GlassViewEventHandler.java:411) ~[javafx.graphics.jar:?]
	at com.sun.javafx.tk.quantum.GlassViewEventHandler$MouseEventNotification.run(GlassViewEventHandler.java:301) ~[javafx.graphics.jar:?]
	at java.security.AccessController.doPrivileged(AccessController.java:391) ~[?:?]
	at com.sun.javafx.tk.quantum.GlassViewEventHandler.lambda$handleMouseEvent$2(GlassViewEventHandler.java:450) ~[javafx.graphics.jar:?]
	at com.sun.javafx.tk.quantum.QuantumToolkit.runWithoutRenderLock(QuantumToolkit.java:423) ~[javafx.graphics.jar:?]
	at com.sun.javafx.tk.quantum.GlassViewEventHandler.handleMouseEvent(GlassViewEventHandler.java:449) ~[javafx.graphics.jar:?]
	at com.sun.glass.ui.View.handleMouseEvent(View.java:551) ~[javafx.graphics.jar:?]
	at com.sun.glass.ui.View.notifyMouse(View.java:937) ~[javafx.graphics.jar:?]
	at com.sun.glass.ui.win.WinApplication._runLoop(Native Method) ~[javafx.graphics.jar:?]
	at com.sun.glass.ui.win.WinApplication.lambda$runLoop$3(WinApplication.java:184) ~[javafx.graphics.jar:?]
	at java.lang.Thread.run(Thread.java:831) [?:?]
2024-12-15 18:51:09 [JavaFX Application Thread] INFO  pustrace.elibraryjavaparser.ElibraryFetcher - Инициализация WebDriver...
2024-12-15 18:51:13 [JavaFX Application Thread] DEBUG pustrace.elibraryjavaparser.ElibraryFetcher - Открыт сайт eLibrary
2024-12-15 18:51:13 [JavaFX Application Thread] INFO  pustrace.elibraryjavaparser.ElibraryFetcher - Куки успешно получены: {__utmz=216042306.1734277873.1.1.utmcsr=(direct)|utmccn=(direct)|utmcmd=(none), _ym_uid=1734277873626669250, SCookieGUID=71EF991B%2D3B40%2D48C0%2DB661%2D1704934F929D, _ym_isad=2, __utmt=1, __utmb=216042306.1.10.1734277873, _ym_d=1734277873, __utmc=216042306, SUserID=593503942, __utma=216042306.216760708.1734277873.1734277873.1734277873.1}
2024-12-15 18:51:13 [JavaFX Application Thread] INFO  pustrace.elibraryjavaparser.Main - Обработка автора с ID: 955819
2024-12-15 18:51:14 [JavaFX Application Thread] INFO  pustrace.elibraryjavaparser.Main - Обработка автора с ID: 1086593
2024-12-15 18:51:15 [JavaFX Application Thread] INFO  pustrace.elibraryjavaparser.Main - Статистика успешно сохранена в output.json
2024-12-15 19:16:51 [JavaFX Application Thread] INFO  pustrace.elibraryjavaparser.ElibraryFetcher - Инициализация WebDriver...
2024-12-15 19:16:55 [JavaFX Application Thread] DEBUG pustrace.elibraryjavaparser.ElibraryFetcher - Открыт сайт eLibrary
2024-12-15 19:17:00 [JavaFX Application Thread] INFO  pustrace.elibraryjavaparser.ElibraryFetcher - Куки успешно получены: {__utmz=216042306.1734279415.1.1.utmcsr=(direct)|utmccn=(direct)|utmcmd=(none), _ym_uid=1734279415948673501, SCookieGUID=CEE4006A%2D9886%2D4748%2DB2A3%2D2AF6EA07D0AB, _ym_isad=2, __utmt=1, __utmb=216042306.1.10.1734279415, _ym_d=1734279415, __utmc=216042306, SUserID=593506803, __utma=216042306.2060658010.1734279415.1734279415.1734279415.1}
2024-12-15 19:17:00 [JavaFX Application Thread] INFO  pustrace.elibraryjavaparser.Main - Обработка автора с ID: 955819
2024-12-15 19:17:02 [JavaFX Application Thread] INFO  pustrace.elibraryjavaparser.Main - Обработка автора с ID: 1086593
2024-12-15 19:17:03 [JavaFX Application Thread] INFO  pustrace.elibraryjavaparser.Main - Статистика успешно сохранена в output.json
2024-12-15 19:21:21 [JavaFX Application Thread] INFO  pustrace.elibraryjavaparser.ElibraryFetcher - Инициализация WebDriver...
2024-12-15 19:21:24 [JavaFX Application Thread] DEBUG pustrace.elibraryjavaparser.ElibraryFetcher - Открыт сайт eLibrary
2024-12-15 19:21:29 [JavaFX Application Thread] INFO  pustrace.elibraryjavaparser.ElibraryFetcher - Куки успешно получены: {__utmz=216042306.1734279684.1.1.utmcsr=(direct)|utmccn=(direct)|utmcmd=(none), _ym_uid=1734279684591478910, SCookieGUID=92DE6851%2D4B2A%2D4AB1%2DB07E%2D3F6933D76A11, _ym_isad=2, __utmt=1, __utmb=216042306.1.10.1734279684, _ym_d=1734279684, __utmc=216042306, SUserID=593507288, __utma=216042306.491926788.1734279684.1734279684.1734279684.1}
2024-12-15 19:21:29 [JavaFX Application Thread] INFO  pustrace.elibraryjavaparser.Main - Обработка автора с ID: 955819
2024-12-15 19:21:31 [JavaFX Application Thread] INFO  pustrace.elibraryjavaparser.Main - Обработка автора с ID: 1086593
2024-12-15 19:21:31 [JavaFX Application Thread] INFO  pustrace.elibraryjavaparser.Main - Статистика успешно сохранена в output.json
2024-12-15 19:58:18 [JavaFX Application Thread] INFO  pustrace.elibraryjavaparser.ElibraryFetcher - Инициализация WebDriver...
2024-12-15 19:58:20 [JavaFX Application Thread] DEBUG pustrace.elibraryjavaparser.ElibraryFetcher - Открыт сайт eLibrary
2024-12-15 19:58:25 [JavaFX Application Thread] INFO  pustrace.elibraryjavaparser.ElibraryFetcher - Куки успешно получены: {__utmz=216042306.1734281900.1.1.utmcsr=(direct)|utmccn=(direct)|utmcmd=(none), _ym_uid=173428190011331903, SCookieGUID=D90A9700%2D87BD%2D4731%2D8D80%2D555A86679DD7, _ym_isad=2, __utmt=1, __utmb=216042306.1.10.1734281900, _ym_d=1734281900, __utmc=216042306, SUserID=593511061, __utma=216042306.1904502075.1734281900.1734281900.1734281900.1}
2024-12-15 19:58:25 [JavaFX Application Thread] INFO  pustrace.elibraryjavaparser.Main - Обработка автора с ID: 955819
2024-12-15 19:58:27 [JavaFX Application Thread] INFO  pustrace.elibraryjavaparser.Main - Обработка автора с ID: 1086593
2024-12-15 19:58:28 [JavaFX Application Thread] INFO  pustrace.elibraryjavaparser.Main - Статистика успешно сохранена в output.json
2024-12-15 20:46:50 [JavaFX Application Thread] INFO  pustrace.elibraryjavaparser.Main - Обработка автора с ID: 955819
2024-12-15 20:46:52 [JavaFX Application Thread] INFO  pustrace.elibraryjavaparser.Main - Обработка автора с ID: 1086593
2024-12-15 20:46:53 [JavaFX Application Thread] INFO  pustrace.elibraryjavaparser.Main - Статистика успешно сохранена в output.json
2024-12-15 20:47:28 [JavaFX Application Thread] INFO  pustrace.elibraryjavaparser.Main - Обработка автора с ID: 955819
2024-12-15 20:47:28 [JavaFX Application Thread] INFO  pustrace.elibraryjavaparser.Main - Обработка автора с ID: 1086593
2024-12-15 20:47:29 [JavaFX Application Thread] INFO  pustrace.elibraryjavaparser.Main - Статистика успешно сохранена в output.json
2024-12-15 20:48:30 [JavaFX Application Thread] INFO  pustrace.elibraryjavaparser.Main - Обработка автора с ID: 955819
2024-12-15 20:48:31 [JavaFX Application Thread] INFO  pustrace.elibraryjavaparser.Main - Обработка автора с ID: 1086593
2024-12-15 20:48:36 [JavaFX Application Thread] INFO  pustrace.elibraryjavaparser.Main - Статистика успешно сохранена в output.json
2024-12-15 21:10:51 [JavaFX Application Thread] INFO  pustrace.elibraryjavaparser.Main - Обработка автора с ID: 955819
2024-12-15 21:10:52 [JavaFX Application Thread] INFO  pustrace.elibraryjavaparser.Main - Обработка автора с ID: 1086593
2024-12-15 21:11:43 [JavaFX Application Thread] INFO  pustrace.elibraryjavaparser.Main - Обработка автора с ID: 955819
2024-12-15 21:11:43 [JavaFX Application Thread] INFO  pustrace.elibraryjavaparser.Main - Обработка автора с ID: 1086593
2024-12-15 21:12:18 [JavaFX Application Thread] INFO  pustrace.elibraryjavaparser.Main - Обработка автора с ID: 955819
2024-12-15 21:12:19 [JavaFX Application Thread] INFO  pustrace.elibraryjavaparser.Main - Обработка автора с ID: 1086593
2024-12-15 21:12:51 [JavaFX Application Thread] INFO  pustrace.elibraryjavaparser.Main - Обработка автора с ID: 955819
2024-12-15 21:12:51 [JavaFX Application Thread] INFO  pustrace.elibraryjavaparser.Main - Обработка автора с ID: 1086593
2024-12-15 21:15:45 [JavaFX Application Thread] INFO  pustrace.elibraryjavaparser.Main - Обработка автора с ID: 955819
2024-12-15 21:15:46 [JavaFX Application Thread] INFO  pustrace.elibraryjavaparser.Main - Обработка автора с ID: 1086593
2024-12-15 21:18:26 [JavaFX Application Thread] INFO  pustrace.elibraryjavaparser.Main - Обработка автора с ID: 955819
2024-12-15 21:18:29 [JavaFX Application Thread] INFO  pustrace.elibraryjavaparser.Main - Обработка автора с ID: 1086593
2024-12-15 21:19:27 [JavaFX Application Thread] INFO  pustrace.elibraryjavaparser.Main - Обработка автора с ID: 955819
2024-12-15 21:19:29 [JavaFX Application Thread] INFO  pustrace.elibraryjavaparser.Main - Обработка автора с ID: 1086593
2024-12-15 21:20:27 [JavaFX Application Thread] INFO  pustrace.elibraryjavaparser.Main - Обработка автора с ID: 955819
2024-12-15 21:20:28 [JavaFX Application Thread] INFO  pustrace.elibraryjavaparser.Main - Обработка автора с ID: 1086593
2024-12-15 21:22:29 [JavaFX Application Thread] INFO  pustrace.elibraryjavaparser.Main - Обработка автора с ID: 955819
2024-12-15 21:22:31 [JavaFX Application Thread] INFO  pustrace.elibraryjavaparser.Main - Обработка автора с ID: 1086593
2024-12-15 21:22:32 [JavaFX Application Thread] INFO  pustrace.elibraryjavaparser.Main - Статистика успешно сохранена в output.json
2024-12-15 21:24:55 [JavaFX Application Thread] INFO  pustrace.elibraryjavaparser.Main - Обработка автора с ID: 955819
2024-12-15 21:24:56 [JavaFX Application Thread] INFO  pustrace.elibraryjavaparser.Main - Обработка автора с ID: 1086593
2024-12-15 21:24:57 [JavaFX Application Thread] INFO  pustrace.elibraryjavaparser.Main - Статистика успешно сохранена в output.json
2024-12-16 14:35:47 [JavaFX Application Thread] INFO  pustrace.elibraryjavaparser.Main - Обработка автора с ID: 955819
2024-12-16 14:35:50 [JavaFX Application Thread] INFO  pustrace.elibraryjavaparser.Main - Обработка автора с ID: 1086593
2024-12-16 14:35:50 [JavaFX Application Thread] INFO  pustrace.elibraryjavaparser.Main - Статистика успешно сохранена в output.json
2024-12-16 14:38:08 [JavaFX Application Thread] INFO  pustrace.elibraryjavaparser.Main - Обработка автора с ID: 955819
2024-12-16 14:38:11 [JavaFX Application Thread] INFO  pustrace.elibraryjavaparser.Main - Обработка автора с ID: 1086593
2024-12-16 14:38:17 [JavaFX Application Thread] INFO  pustrace.elibraryjavaparser.Main - Статистика успешно сохранена в output.json
2024-12-16 20:11:41 [JavaFX Application Thread] INFO  pustrace.elibraryjavaparser.Main - Обработка автора с ID: 955819
2024-12-16 20:11:43 [JavaFX Application Thread] INFO  pustrace.elibraryjavaparser.Main - Обработка автора с ID: 1086593
2024-12-16 20:11:48 [JavaFX Application Thread] INFO  pustrace.elibraryjavaparser.Main - Статистика успешно сохранена в output.json
2024-12-16 20:13:13 [JavaFX Application Thread] INFO  pustrace.elibraryjavaparser.Main - Обработка автора с ID: 955819
2024-12-16 20:13:14 [JavaFX Application Thread] INFO  pustrace.elibraryjavaparser.Main - Обработка автора с ID: 1086593
2024-12-16 20:13:16 [JavaFX Application Thread] INFO  pustrace.elibraryjavaparser.Main - Статистика успешно сохранена в output.json
2024-12-17 00:17:21 [JavaFX Application Thread] INFO  pustrace.elibraryjavaparser.Main - Обработка автора с ID: 955819
2024-12-17 00:17:22 [JavaFX Application Thread] INFO  pustrace.elibraryjavaparser.Main - Обработка автора с ID: 1086593
2024-12-17 00:17:22 [JavaFX Application Thread] INFO  pustrace.elibraryjavaparser.Main - Статистика успешно сохранена в output.json
2024-12-17 00:19:33 [JavaFX Application Thread] INFO  pustrace.elibraryjavaparser.Main - Обработка автора с ID: 955819
2024-12-17 00:19:34 [JavaFX Application Thread] INFO  pustrace.elibraryjavaparser.Main - Обработка автора с ID: 1086593
2024-12-17 00:19:34 [JavaFX Application Thread] INFO  pustrace.elibraryjavaparser.Main - Статистика успешно сохранена в output.json
2024-12-17 00:20:24 [JavaFX Application Thread] INFO  pustrace.elibraryjavaparser.Main - Обработка автора с ID: 955819
2024-12-17 00:20:25 [JavaFX Application Thread] INFO  pustrace.elibraryjavaparser.Main - Обработка автора с ID: 1086593
2024-12-17 00:20:25 [JavaFX Application Thread] INFO  pustrace.elibraryjavaparser.Main - Статистика успешно сохранена в output.json
2024-12-17 00:21:34 [JavaFX Application Thread] INFO  pustrace.elibraryjavaparser.Main - Обработка автора с ID: 955819
2024-12-17 00:21:35 [JavaFX Application Thread] INFO  pustrace.elibraryjavaparser.Main - Обработка автора с ID: 1086593
2024-12-17 00:21:35 [JavaFX Application Thread] INFO  pustrace.elibraryjavaparser.Main - Статистика успешно сохранена в output.json
2024-12-17 00:25:34 [JavaFX Application Thread] INFO  pustrace.elibraryjavaparser.Main - Обработка автора с ID: 955819
2024-12-17 00:25:35 [JavaFX Application Thread] INFO  pustrace.elibraryjavaparser.Main - Обработка автора с ID: 1086593
2024-12-17 00:25:35 [JavaFX Application Thread] INFO  pustrace.elibraryjavaparser.Main - Статистика успешно сохранена в output.json
2024-12-17 00:30:08 [JavaFX Application Thread] INFO  pustrace.elibraryjavaparser.Main - Обработка автора с ID: 955819
2024-12-17 00:30:10 [JavaFX Application Thread] INFO  pustrace.elibraryjavaparser.Main - Обработка автора с ID: 1086593
2024-12-17 18:13:59 [JavaFX Application Thread] INFO  pustrace.elibraryjavaparser.Main - Обработка автора с ID: 955819
2024-12-17 18:14:01 [JavaFX Application Thread] INFO  pustrace.elibraryjavaparser.Main - Обработка автора с ID: 1086593
2024-12-17 18:14:04 [JavaFX Application Thread] INFO  pustrace.elibraryjavaparser.Main - Статистика успешно сохранена в output.json
